
Red team agents/team_name_1/my_team.py with {}:
Loading agent team: C:\Users\marti\OneDrive\Escritorio\pacman-contest-IA\pacman-contest\src\contest\agents\team_name_1\my_team.py
Error: The team "C:\Users\marti\OneDrive\Escritorio\pacman-contest-IA\pacman-contest\src\contest\agents\team_name_1\my_team.py" could not be loaded! 
Traceback (most recent call last):
  File "C:\Users\marti\OneDrive\Escritorio\pacman-contest-IA\pacman-contest\src\contest\capture.py", line 989, in load_agents
    loader.exec_module(module)  # will be added to sys.modules dict
    ^^^^^^^^^^^^^^^^^^^^^^^^^^
  File "<frozen importlib._bootstrap_external>", line 995, in exec_module
  File "<frozen importlib._bootstrap>", line 488, in _call_with_frames_removed
  File "C:\Users\marti\OneDrive\Escritorio\pacman-contest-IA\pacman-contest\src\contest\agents\team_name_1\my_team.py", line 7, in <module>
    import numpy as np
ModuleNotFoundError: No module named 'numpy'

Blue team baseline_team.py with {}:
Loading agent team: C:\Users\marti\OneDrive\Escritorio\pacman-contest-IA\pacman-contest\src\contest\baseline_team.py
	Arguments: {}

Red team failed to load!

Traceback (most recent call last):
  File "C:\Users\marti\OneDrive\Escritorio\pacman-contest-IA\pacman-contest\src\contest\capture.py", line 1217, in <module>
    main()
  File "C:\Users\marti\OneDrive\Escritorio\pacman-contest-IA\pacman-contest\src\contest\capture.py", line 1213, in main
    run(sys.argv[1:])
  File "C:\Users\marti\OneDrive\Escritorio\pacman-contest-IA\pacman-contest\src\contest\capture.py", line 1200, in run
    options = read_command(args)  # Get game components based on input
              ^^^^^^^^^^^^^^^^^^
  File "C:\Users\marti\OneDrive\Escritorio\pacman-contest-IA\pacman-contest\src\contest\capture.py", line 916, in read_command
    raise Exception('No teams found!')
Exception: No teams found!
